<?xml version="1.0" encoding="UTF-8"?>
<testsuite name="um.edu.uy.TestRestauranteRepository" tests="0" skipped="0" failures="0" errors="0" timestamp="1970-01-01T00:00:00" hostname="DESKTOP-P4K2GUQ" time="0.0">
  <properties/>
  <system-out><![CDATA[12:17:55.817 [Test worker] DEBUG org.springframework.test.context.junit4.SpringJUnit4ClassRunner - SpringJUnit4ClassRunner constructor called with [class um.edu.uy.TestRestauranteRepository]
12:17:55.848 [Test worker] DEBUG org.springframework.test.context.BootstrapUtils - Instantiating CacheAwareContextLoaderDelegate from class [org.springframework.test.context.cache.DefaultCacheAwareContextLoaderDelegate]
12:17:55.859 [Test worker] DEBUG org.springframework.test.context.BootstrapUtils - Instantiating BootstrapContext using constructor [public org.springframework.test.context.support.DefaultBootstrapContext(java.lang.Class,org.springframework.test.context.CacheAwareContextLoaderDelegate)]
12:17:55.898 [Test worker] DEBUG org.springframework.test.context.BootstrapUtils - Instantiating TestContextBootstrapper for test class [um.edu.uy.TestRestauranteRepository] from class [org.springframework.boot.test.context.SpringBootTestContextBootstrapper]
12:17:55.920 [Test worker] INFO org.springframework.boot.test.context.SpringBootTestContextBootstrapper - Neither @ContextConfiguration nor @ContextHierarchy found for test class [um.edu.uy.TestRestauranteRepository], using SpringBootContextLoader
12:17:55.925 [Test worker] DEBUG org.springframework.test.context.support.AbstractContextLoader - Did not detect default resource location for test class [um.edu.uy.TestRestauranteRepository]: class path resource [um/edu/uy/TestRestauranteRepository-context.xml] does not exist
12:17:55.926 [Test worker] DEBUG org.springframework.test.context.support.AbstractContextLoader - Did not detect default resource location for test class [um.edu.uy.TestRestauranteRepository]: class path resource [um/edu/uy/TestRestauranteRepositoryContext.groovy] does not exist
12:17:55.927 [Test worker] INFO org.springframework.test.context.support.AbstractContextLoader - Could not detect default resource locations for test class [um.edu.uy.TestRestauranteRepository]: no resource found for suffixes {-context.xml, Context.groovy}.
12:17:55.980 [Test worker] DEBUG org.springframework.test.context.support.ActiveProfilesUtils - Could not find an 'annotation declaring class' for annotation type [org.springframework.test.context.ActiveProfiles] and class [um.edu.uy.TestRestauranteRepository]
12:17:56.206 [Test worker] DEBUG org.springframework.boot.test.context.SpringBootTestContextBootstrapper - @TestExecutionListeners is not present for class [um.edu.uy.TestRestauranteRepository]: using defaults.
12:17:56.206 [Test worker] INFO org.springframework.boot.test.context.SpringBootTestContextBootstrapper - Loaded default TestExecutionListener class names from location [META-INF/spring.factories]: [org.springframework.boot.test.autoconfigure.restdocs.RestDocsTestExecutionListener, org.springframework.boot.test.autoconfigure.web.client.MockRestServiceServerResetTestExecutionListener, org.springframework.boot.test.autoconfigure.web.servlet.MockMvcPrintOnlyOnFailureTestExecutionListener, org.springframework.boot.test.autoconfigure.web.servlet.WebDriverTestExecutionListener, org.springframework.boot.test.mock.mockito.MockitoTestExecutionListener, org.springframework.boot.test.mock.mockito.ResetMocksTestExecutionListener, org.springframework.test.context.web.ServletTestExecutionListener, org.springframework.test.context.support.DirtiesContextBeforeModesTestExecutionListener, org.springframework.test.context.support.DependencyInjectionTestExecutionListener, org.springframework.test.context.support.DirtiesContextTestExecutionListener, org.springframework.test.context.transaction.TransactionalTestExecutionListener, org.springframework.test.context.jdbc.SqlScriptsTestExecutionListener]
12:17:56.247 [Test worker] INFO org.springframework.boot.test.context.SpringBootTestContextBootstrapper - Using TestExecutionListeners: [org.springframework.test.context.web.ServletTestExecutionListener@710ad93, org.springframework.test.context.support.DirtiesContextBeforeModesTestExecutionListener@3ee25806, org.springframework.boot.test.mock.mockito.MockitoTestExecutionListener@78740f8f, org.springframework.boot.test.autoconfigure.SpringBootDependencyInjectionTestExecutionListener@6f7b2b61, org.springframework.test.context.support.DirtiesContextTestExecutionListener@6d857f28, org.springframework.test.context.transaction.TransactionalTestExecutionListener@418b38f6, org.springframework.test.context.jdbc.SqlScriptsTestExecutionListener@19db4f3f, org.springframework.boot.test.autoconfigure.restdocs.RestDocsTestExecutionListener@2fcd4f46, org.springframework.boot.test.autoconfigure.web.client.MockRestServiceServerResetTestExecutionListener@69f709a8, org.springframework.boot.test.autoconfigure.web.servlet.MockMvcPrintOnlyOnFailureTestExecutionListener@71a3c0e8, org.springframework.boot.test.autoconfigure.web.servlet.WebDriverTestExecutionListener@32c2db54, org.springframework.boot.test.mock.mockito.ResetMocksTestExecutionListener@77300535]
12:17:56.254 [Test worker] DEBUG org.springframework.test.annotation.ProfileValueUtils - Retrieved @ProfileValueSourceConfiguration [null] for test class [um.edu.uy.TestRestauranteRepository]
12:17:56.256 [Test worker] DEBUG org.springframework.test.annotation.ProfileValueUtils - Retrieved ProfileValueSource type [class org.springframework.test.annotation.SystemProfileValueSource] for class [um.edu.uy.TestRestauranteRepository]
]]></system-out>
  <system-err><![CDATA[]]></system-err>
</testsuite>
