<?xml version="1.0" encoding="UTF-8"?>
<testsuite name="um.edu.uy.TestRestauranteRepository" tests="0" skipped="0" failures="0" errors="0" timestamp="1970-01-01T00:00:00" hostname="DESKTOP-P4K2GUQ" time="0.0">
  <properties/>
  <system-out><![CDATA[08:46:40.242 [Test worker] DEBUG org.springframework.test.context.junit4.SpringJUnit4ClassRunner - SpringJUnit4ClassRunner constructor called with [class um.edu.uy.TestRestauranteRepository]
08:46:40.242 [Test worker] DEBUG org.springframework.test.context.BootstrapUtils - Instantiating CacheAwareContextLoaderDelegate from class [org.springframework.test.context.cache.DefaultCacheAwareContextLoaderDelegate]
08:46:40.242 [Test worker] DEBUG org.springframework.test.context.BootstrapUtils - Instantiating BootstrapContext using constructor [public org.springframework.test.context.support.DefaultBootstrapContext(java.lang.Class,org.springframework.test.context.CacheAwareContextLoaderDelegate)]
08:46:40.243 [Test worker] DEBUG org.springframework.test.context.BootstrapUtils - Instantiating TestContextBootstrapper for test class [um.edu.uy.TestRestauranteRepository] from class [org.springframework.boot.test.context.SpringBootTestContextBootstrapper]
08:46:40.244 [Test worker] INFO org.springframework.boot.test.context.SpringBootTestContextBootstrapper - Neither @ContextConfiguration nor @ContextHierarchy found for test class [um.edu.uy.TestRestauranteRepository], using SpringBootContextLoader
08:46:40.248 [Test worker] DEBUG org.springframework.test.context.support.AbstractContextLoader - Did not detect default resource location for test class [um.edu.uy.TestRestauranteRepository]: class path resource [um/edu/uy/TestRestauranteRepository-context.xml] does not exist
08:46:40.249 [Test worker] DEBUG org.springframework.test.context.support.AbstractContextLoader - Did not detect default resource location for test class [um.edu.uy.TestRestauranteRepository]: class path resource [um/edu/uy/TestRestauranteRepositoryContext.groovy] does not exist
08:46:40.249 [Test worker] INFO org.springframework.test.context.support.AbstractContextLoader - Could not detect default resource locations for test class [um.edu.uy.TestRestauranteRepository]: no resource found for suffixes {-context.xml, Context.groovy}.
08:46:40.252 [Test worker] DEBUG org.springframework.test.context.support.ActiveProfilesUtils - Could not find an 'annotation declaring class' for annotation type [org.springframework.test.context.ActiveProfiles] and class [um.edu.uy.TestRestauranteRepository]
08:46:40.257 [Test worker] DEBUG org.springframework.boot.test.context.SpringBootTestContextBootstrapper - @TestExecutionListeners is not present for class [um.edu.uy.TestRestauranteRepository]: using defaults.
08:46:40.257 [Test worker] INFO org.springframework.boot.test.context.SpringBootTestContextBootstrapper - Loaded default TestExecutionListener class names from location [META-INF/spring.factories]: [org.springframework.boot.test.autoconfigure.restdocs.RestDocsTestExecutionListener, org.springframework.boot.test.autoconfigure.web.client.MockRestServiceServerResetTestExecutionListener, org.springframework.boot.test.autoconfigure.web.servlet.MockMvcPrintOnlyOnFailureTestExecutionListener, org.springframework.boot.test.autoconfigure.web.servlet.WebDriverTestExecutionListener, org.springframework.boot.test.mock.mockito.MockitoTestExecutionListener, org.springframework.boot.test.mock.mockito.ResetMocksTestExecutionListener, org.springframework.test.context.web.ServletTestExecutionListener, org.springframework.test.context.support.DirtiesContextBeforeModesTestExecutionListener, org.springframework.test.context.support.DependencyInjectionTestExecutionListener, org.springframework.test.context.support.DirtiesContextTestExecutionListener, org.springframework.test.context.transaction.TransactionalTestExecutionListener, org.springframework.test.context.jdbc.SqlScriptsTestExecutionListener]
08:46:40.257 [Test worker] INFO org.springframework.boot.test.context.SpringBootTestContextBootstrapper - Using TestExecutionListeners: [org.springframework.test.context.web.ServletTestExecutionListener@78942b65, org.springframework.test.context.support.DirtiesContextBeforeModesTestExecutionListener@2910624b, org.springframework.boot.test.mock.mockito.MockitoTestExecutionListener@50dffa6, org.springframework.boot.test.autoconfigure.SpringBootDependencyInjectionTestExecutionListener@636733e2, org.springframework.test.context.support.DirtiesContextTestExecutionListener@3af1e3e8, org.springframework.test.context.transaction.TransactionalTestExecutionListener@10d9ccc7, org.springframework.test.context.jdbc.SqlScriptsTestExecutionListener@7a43e1b5, org.springframework.boot.test.autoconfigure.restdocs.RestDocsTestExecutionListener@2061253c, org.springframework.boot.test.autoconfigure.web.client.MockRestServiceServerResetTestExecutionListener@15ba6c7b, org.springframework.boot.test.autoconfigure.web.servlet.MockMvcPrintOnlyOnFailureTestExecutionListener@4b5b25ff, org.springframework.boot.test.autoconfigure.web.servlet.WebDriverTestExecutionListener@2ef02b68, org.springframework.boot.test.mock.mockito.ResetMocksTestExecutionListener@791b34f]
08:46:40.258 [Test worker] DEBUG org.springframework.test.annotation.ProfileValueUtils - Retrieved @ProfileValueSourceConfiguration [null] for test class [um.edu.uy.TestRestauranteRepository]
08:46:40.258 [Test worker] DEBUG org.springframework.test.annotation.ProfileValueUtils - Retrieved ProfileValueSource type [class org.springframework.test.annotation.SystemProfileValueSource] for class [um.edu.uy.TestRestauranteRepository]
]]></system-out>
  <system-err><![CDATA[]]></system-err>
</testsuite>
